Thu Apr 17 06:37:12 UTC 2025
Thu Apr 17 13:34:06 UTC 2025
Fri Apr 18 13:15:37 UTC 2025
Sat Apr 19 13:02:53 UTC 2025
Sun Apr 20 13:14:07 UTC 2025
Mon Apr 21 13:17:38 UTC 2025
Tue Apr 22 13:35:09 UTC 2025
Wed Apr 23 13:36:13 UTC 2025
Thu Apr 24 13:36:44 UTC 2025
Fri Apr 25 13:33:40 UTC 2025
Sat Apr 26 13:04:11 UTC 2025
Sun Apr 27 13:04:48 UTC 2025
Mon Apr 28 13:50:23 UTC 2025
Tue Apr 29 13:44:32 UTC 2025
Wed Apr 30 13:35:24 UTC 2025
Thu May  1 13:18:06 UTC 2025
Fri May  2 13:34:08 UTC 2025
Sat May  3 13:13:16 UTC 2025
Sun May  4 13:14:20 UTC 2025
Mon May  5 13:36:46 UTC 2025
